{"/home/marwan/Desktop/reuters-news/src/test.js":{"path":"/home/marwan/Desktop/reuters-news/src/test.js","s":{"1":1,"2":1,"3":1,"4":1,"5":1,"6":1,"7":1,"8":1,"9":1,"10":1,"11":1,"12":1,"13":1,"14":1,"15":1,"16":1,"17":1,"18":1,"19":1,"20":1,"21":1,"22":1,"23":1,"24":1,"25":1,"26":1,"27":1,"28":1,"29":1,"30":1,"31":1},"b":{},"f":{},"fnMap":{},"statementMap":{"1":{"start":{"line":1,"column":0},"end":{"line":1,"column":29}},"2":{"start":{"line":2,"column":0},"end":{"line":2,"column":35}},"3":{"start":{"line":3,"column":0},"end":{"line":3,"column":39}},"4":{"start":{"line":6,"column":0},"end":{"line":16,"column":2}},"5":{"start":{"line":7,"column":0},"end":{"line":15,"column":3}},"6":{"start":{"line":11,"column":0},"end":{"line":11,"column":12}},"7":{"start":{"line":12,"column":0},"end":{"line":12,"column":50}},"8":{"start":{"line":13,"column":0},"end":{"line":13,"column":8}},"9":{"start":{"line":18,"column":0},"end":{"line":28,"column":7}},"10":{"start":{"line":19,"column":4},"end":{"line":27,"column":7}},"11":{"start":{"line":23,"column":4},"end":{"line":23,"column":16}},"12":{"start":{"line":24,"column":4},"end":{"line":24,"column":54}},"13":{"start":{"line":25,"column":4},"end":{"line":25,"column":12}},"14":{"start":{"line":30,"column":4},"end":{"line":40,"column":11}},"15":{"start":{"line":31,"column":8},"end":{"line":39,"column":11}},"16":{"start":{"line":35,"column":8},"end":{"line":35,"column":20}},"17":{"start":{"line":36,"column":8},"end":{"line":36,"column":58}},"18":{"start":{"line":37,"column":8},"end":{"line":37,"column":16}},"19":{"start":{"line":42,"column":0},"end":{"line":53,"column":7}},"20":{"start":{"line":43,"column":4},"end":{"line":52,"column":7}},"21":{"start":{"line":48,"column":4},"end":{"line":48,"column":16}},"22":{"start":{"line":49,"column":4},"end":{"line":49,"column":61}},"23":{"start":{"line":50,"column":4},"end":{"line":50,"column":12}},"24":{"start":{"line":55,"column":4},"end":{"line":65,"column":11}},"25":{"start":{"line":56,"column":8},"end":{"line":64,"column":11}},"26":{"start":{"line":61,"column":8},"end":{"line":61,"column":20}},"27":{"start":{"line":62,"column":8},"end":{"line":62,"column":16}},"28":{"start":{"line":68,"column":4},"end":{"line":78,"column":11}},"29":{"start":{"line":69,"column":8},"end":{"line":77,"column":11}},"30":{"start":{"line":74,"column":8},"end":{"line":74,"column":20}},"31":{"start":{"line":75,"column":8},"end":{"line":75,"column":16}}},"branchMap":{}},"/home/marwan/Desktop/reuters-news/src/router.js":{"path":"/home/marwan/Desktop/reuters-news/src/router.js","s":{"1":1,"2":1,"3":6,"4":6,"5":2,"6":4,"7":1,"8":3,"9":1,"10":2,"11":1},"b":{"1":[2,4],"2":[6,5],"3":[1,3],"4":[1,2]},"f":{},"fnMap":{},"statementMap":{"1":{"start":{"line":1,"column":0},"end":{"line":1,"column":40}},"2":{"start":{"line":5,"column":0},"end":{"line":17,"column":2}},"3":{"start":{"line":6,"column":2},"end":{"line":6,"column":22}},"4":{"start":{"line":7,"column":2},"end":{"line":16,"column":3}},"5":{"start":{"line":8,"column":4},"end":{"line":8,"column":32}},"6":{"start":{"line":9,"column":8},"end":{"line":16,"column":3}},"7":{"start":{"line":10,"column":4},"end":{"line":10,"column":32}},"8":{"start":{"line":11,"column":8},"end":{"line":16,"column":3}},"9":{"start":{"line":12,"column":4},"end":{"line":12,"column":37}},"10":{"start":{"line":15,"column":4},"end":{"line":15,"column":33}},"11":{"start":{"line":19,"column":0},"end":{"line":19,"column":24}}},"branchMap":{"1":{"line":7,"type":"if","locations":[{"start":{"line":7,"column":2},"end":{"line":7,"column":2}},{"start":{"line":7,"column":2},"end":{"line":7,"column":2}}]},"2":{"line":7,"type":"binary-expr","locations":[{"start":{"line":7,"column":5},"end":{"line":7,"column":14}},{"start":{"line":7,"column":18},"end":{"line":7,"column":32}}]},"3":{"line":9,"type":"if","locations":[{"start":{"line":9,"column":8},"end":{"line":9,"column":8}},{"start":{"line":9,"column":8},"end":{"line":9,"column":8}}]},"4":{"line":11,"type":"if","locations":[{"start":{"line":11,"column":8},"end":{"line":11,"column":8}},{"start":{"line":11,"column":8},"end":{"line":11,"column":8}}]}}},"/home/marwan/Desktop/reuters-news/src/handler.js":{"path":"/home/marwan/Desktop/reuters-news/src/handler.js","s":{"1":1,"2":1,"3":1,"4":2,"5":2,"6":0,"7":0,"8":0,"9":2,"10":2,"11":1,"12":1,"13":1,"14":0,"15":0,"16":0,"17":1,"18":1,"19":1,"20":2,"21":2,"22":2,"23":2,"24":2,"25":0,"26":2,"27":2,"28":1,"29":1,"30":1,"31":1,"32":1},"b":{"1":[0,2],"2":[0,1],"3":[0,2]},"f":{"1":2,"2":2,"3":1,"4":1,"5":2,"6":2,"7":1},"fnMap":{"1":{"name":"handleHome","line":4,"loc":{"start":{"line":4,"column":0},"end":{"line":4,"column":30}}},"2":{"name":"(anonymous_2)","line":5,"loc":{"start":{"line":5,"column":70},"end":{"line":5,"column":90}}},"3":{"name":"handleNews","line":17,"loc":{"start":{"line":17,"column":0},"end":{"line":17,"column":30}}},"4":{"name":"(anonymous_4)","line":18,"loc":{"start":{"line":18,"column":68},"end":{"line":18,"column":88}}},"5":{"name":"serveFiles","line":30,"loc":{"start":{"line":30,"column":0},"end":{"line":30,"column":30}}},"6":{"name":"(anonymous_6)","line":40,"loc":{"start":{"line":40,"column":47},"end":{"line":40,"column":67}}},"7":{"name":"handleclientApi","line":50,"loc":{"start":{"line":50,"column":0},"end":{"line":50,"column":35}}}},"statementMap":{"1":{"start":{"line":1,"column":0},"end":{"line":1,"column":23}},"2":{"start":{"line":2,"column":0},"end":{"line":2,"column":27}},"3":{"start":{"line":4,"column":0},"end":{"line":15,"column":1}},"4":{"start":{"line":5,"column":2},"end":{"line":14,"column":5}},"5":{"start":{"line":6,"column":4},"end":{"line":13,"column":5}},"6":{"start":{"line":7,"column":6},"end":{"line":7,"column":59}},"7":{"start":{"line":8,"column":6},"end":{"line":8,"column":23}},"8":{"start":{"line":9,"column":6},"end":{"line":9,"column":16}},"9":{"start":{"line":11,"column":6},"end":{"line":11,"column":58}},"10":{"start":{"line":12,"column":6},"end":{"line":12,"column":20}},"11":{"start":{"line":17,"column":0},"end":{"line":28,"column":1}},"12":{"start":{"line":18,"column":2},"end":{"line":27,"column":5}},"13":{"start":{"line":19,"column":4},"end":{"line":26,"column":5}},"14":{"start":{"line":20,"column":6},"end":{"line":20,"column":59}},"15":{"start":{"line":21,"column":6},"end":{"line":21,"column":23}},"16":{"start":{"line":22,"column":6},"end":{"line":22,"column":16}},"17":{"start":{"line":24,"column":6},"end":{"line":24,"column":58}},"18":{"start":{"line":25,"column":6},"end":{"line":25,"column":20}},"19":{"start":{"line":30,"column":0},"end":{"line":48,"column":1}},"20":{"start":{"line":31,"column":2},"end":{"line":31,"column":20}},"21":{"start":{"line":32,"column":2},"end":{"line":32,"column":38}},"22":{"start":{"line":33,"column":2},"end":{"line":39,"column":4}},"23":{"start":{"line":40,"column":2},"end":{"line":47,"column":5}},"24":{"start":{"line":41,"column":4},"end":{"line":46,"column":5}},"25":{"start":{"line":42,"column":6},"end":{"line":42,"column":23}},"26":{"start":{"line":44,"column":6},"end":{"line":44,"column":71}},"27":{"start":{"line":45,"column":6},"end":{"line":45,"column":20}},"28":{"start":{"line":50,"column":0},"end":{"line":55,"column":1}},"29":{"start":{"line":51,"column":2},"end":{"line":51,"column":41}},"30":{"start":{"line":52,"column":4},"end":{"line":52,"column":63}},"31":{"start":{"line":53,"column":4},"end":{"line":53,"column":38}},"32":{"start":{"line":60,"column":0},"end":{"line":60,"column":72}}},"branchMap":{"1":{"line":6,"type":"if","locations":[{"start":{"line":6,"column":4},"end":{"line":6,"column":4}},{"start":{"line":6,"column":4},"end":{"line":6,"column":4}}]},"2":{"line":19,"type":"if","locations":[{"start":{"line":19,"column":4},"end":{"line":19,"column":4}},{"start":{"line":19,"column":4},"end":{"line":19,"column":4}}]},"3":{"line":41,"type":"if","locations":[{"start":{"line":41,"column":4},"end":{"line":41,"column":4}},{"start":{"line":41,"column":4},"end":{"line":41,"column":4}}]}}}}