TN:
SF:/home/marwan/Desktop/reuters-news/src/test.js
FNF:0
FNH:0
DA:1,1
DA:2,1
DA:3,1
DA:6,1
DA:7,1
DA:11,1
DA:12,1
DA:13,1
DA:18,1
DA:19,1
DA:23,1
DA:24,1
DA:25,1
DA:30,1
DA:31,1
DA:35,1
DA:36,1
DA:37,1
DA:42,1
DA:43,1
DA:48,1
DA:49,1
DA:50,1
DA:55,1
DA:56,1
DA:61,1
DA:62,1
DA:68,1
DA:69,1
DA:74,1
DA:75,1
LF:31
LH:31
BRF:0
BRH:0
end_of_record
TN:
SF:/home/marwan/Desktop/reuters-news/src/router.js
FNF:0
FNH:0
DA:1,1
DA:5,1
DA:6,6
DA:7,6
DA:8,2
DA:9,4
DA:10,1
DA:11,3
DA:12,1
DA:15,2
DA:19,1
LF:11
LH:11
BRDA:7,1,0,2
BRDA:7,1,1,4
BRDA:7,2,0,6
BRDA:7,2,1,5
BRDA:9,3,0,1
BRDA:9,3,1,3
BRDA:11,4,0,1
BRDA:11,4,1,2
BRF:8
BRH:8
end_of_record
TN:
SF:/home/marwan/Desktop/reuters-news/src/handler.js
FN:4,handleHome
FN:5,(anonymous_2)
FN:17,handleNews
FN:18,(anonymous_4)
FN:30,serveFiles
FN:40,(anonymous_6)
FN:50,handleclientApi
FNF:7
FNH:7
FNDA:2,handleHome
FNDA:2,(anonymous_2)
FNDA:1,handleNews
FNDA:1,(anonymous_4)
FNDA:2,serveFiles
FNDA:2,(anonymous_6)
FNDA:1,handleclientApi
DA:1,1
DA:2,1
DA:4,1
DA:5,2
DA:6,2
DA:7,0
DA:8,0
DA:9,0
DA:11,2
DA:12,2
DA:17,1
DA:18,1
DA:19,1
DA:20,0
DA:21,0
DA:22,0
DA:24,1
DA:25,1
DA:30,1
DA:31,2
DA:32,2
DA:33,2
DA:40,2
DA:41,2
DA:42,0
DA:44,2
DA:45,2
DA:50,1
DA:51,1
DA:52,1
DA:53,1
DA:60,1
LF:32
LH:25
BRDA:6,1,0,0
BRDA:6,1,1,2
BRDA:19,2,0,0
BRDA:19,2,1,1
BRDA:41,3,0,0
BRDA:41,3,1,2
BRF:6
BRH:3
end_of_record
